<?xml version="1.0" encoding="UTF-8"?>
<!-- Generated by org.testng.reporters.JUnitReportReporter -->
<testsuite hostname="LAPTOP-8P2O41L4" failures="0" tests="3" name="TestNg.TestOnmMethod" time="0.013" errors="0" timestamp="2024-08-31T10:07:51 IST" skipped="0">
  <testcase classname="TestNg.TestOnmMethod" name="CreatContact" time="0.011"/>
  <system-out/>
  <testcase classname="TestNg.TestOnmMethod" name="ModifyContact" time="0.001"/>
  <system-out/>
  <testcase classname="TestNg.TestOnmMethod" name="DeleteContact" time="0.001"/>
  <system-out/>
</testsuite> <!-- TestNg.TestOnmMethod -->
