<?xml version="1.0" encoding="UTF-8"?>
<!-- Generated by org.testng.reporters.JUnitReportReporter -->
<testsuite hostname="LAPTOP-8P2O41L4" failures="0" tests="3" name="TestNg.DependsOnMethod" time="0.018" errors="0" timestamp="2024-08-31T11:23:36 IST" skipped="0">
  <testcase classname="TestNg.DependsOnMethod" name="ModifyContact" time="0.002"/>
  <system-out/>
  <testcase classname="TestNg.DependsOnMethod" name="DeleteContact" time="0.003"/>
  <system-out/>
  <testcase classname="TestNg.DependsOnMethod" name="CreatContact" time="0.013"/>
  <system-out/>
</testsuite> <!-- TestNg.DependsOnMethod -->
