<?xml version="1.0" encoding="UTF-8"?>
<!-- Generated by org.testng.reporters.JUnitReportReporter -->
<testsuite hostname="LAPTOP-8P2O41L4" failures="0" tests="1" name="Popups.AuthenticationPopUp" time="6.068" errors="0" timestamp="2024-09-02T10:14:43 IST" skipped="0">
  <testcase classname="Popups.AuthenticationPopUp" name="authenticationTest" time="6.068"/>
  <system-out/>
</testsuite> <!-- Popups.AuthenticationPopUp -->
