<?xml version="1.0" encoding="UTF-8"?>
<!-- Generated by org.testng.reporters.JUnitReportReporter -->
<testsuite hostname="LAPTOP-8P2O41L4" failures="0" tests="3" name="TestNg.TestngPriority" time="0.011" errors="0" timestamp="2024-08-31T10:33:15 IST" skipped="1">
  <testcase classname="TestNg.TestngPriority" name="CreatContact" time="0.009"/>
  <system-out/>
  <testcase classname="TestNg.TestngPriority" name="ModifyContact" time="0.002"/>
  <system-out/>
  <testcase classname="TestNg.TestngPriority" name="DeleteContact">
    <skipped/>
  </testcase> <!-- DeleteContact -->
  <system-out/>
</testsuite> <!-- TestNg.TestngPriority -->
