<?xml version="1.0" encoding="UTF-8"?>
<!-- Generated by org.testng.reporters.JUnitReportReporter -->
<testsuite hostname="LAPTOP-8P2O41L4" failures="0" tests="1" name="TestNg.HardAssert" time="0.019" errors="0" timestamp="2024-09-02T10:33:11 IST" skipped="0">
  <testcase classname="TestNg.HardAssert" name="m1" time="0.019"/>
  <system-out/>
</testsuite> <!-- TestNg.HardAssert -->
