<?xml version="1.0" encoding="UTF-8"?>
<!-- Generated by org.testng.reporters.JUnitReportReporter -->
<testsuite hostname="LAPTOP-8P2O41L4" failures="0" tests="1" name="alertpopup" time="22.673" errors="0" timestamp="2024-08-31T12:02:46 IST" skipped="0">
  <testcase classname="alertpopup" name="alert" time="22.673"/>
  <system-out/>
</testsuite> <!-- alertpopup -->
