<?xml version="1.0" encoding="UTF-8"?>
<!-- Generated by org.testng.reporters.JUnitReportReporter -->
<testsuite hostname="LAPTOP-8P2O41L4" failures="0" tests="5" name="TestNg.ExecuteMethodMultipleTime" time="0.011" errors="0" timestamp="2024-08-31T11:23:36 IST" skipped="0">
  <testcase classname="TestNg.ExecuteMethodMultipleTime" name="CreatContact" time="0.002"/>
  <system-out/>
  <testcase classname="TestNg.ExecuteMethodMultipleTime" name="CreatContact" time="0.004"/>
  <system-out/>
  <testcase classname="TestNg.ExecuteMethodMultipleTime" name="CreatContact" time="0.001"/>
  <system-out/>
  <testcase classname="TestNg.ExecuteMethodMultipleTime" name="DeleteContact" time="0.002"/>
  <system-out/>
  <testcase classname="TestNg.ExecuteMethodMultipleTime" name="ModifyContact" time="0.002"/>
  <system-out/>
</testsuite> <!-- TestNg.ExecuteMethodMultipleTime -->
